{"/Users/alli/Desktop/scizzor-new/backend/src/app.ts": {"path":"/Users/alli/Desktop/scizzor-new/backend/src/app.ts","statementMap":{"0":{"start":{"line":1,"column":0},"end":{"line":1,"column":67}},"1":{"start":{"line":2,"column":0},"end":{"line":2,"column":39}},"2":{"start":{"line":3,"column":0},"end":{"line":3,"column":37}},"3":{"start":{"line":4,"column":0},"end":{"line":4,"column":30}},"4":{"start":{"line":5,"column":0},"end":{"line":5,"column":47}},"5":{"start":{"line":6,"column":0},"end":{"line":6,"column":43}},"6":{"start":{"line":7,"column":0},"end":{"line":7,"column":24}},"7":{"start":{"line":9,"column":0},"end":{"line":9,"column":61}},"8":{"start":{"line":10,"column":0},"end":{"line":10,"column":31}},"9":{"start":{"line":11,"column":0},"end":{"line":11,"column":43}},"10":{"start":{"line":12,"column":0},"end":{"line":12,"column":41}},"11":{"start":{"line":13,"column":0},"end":{"line":13,"column":50}},"12":{"start":{"line":16,"column":0},"end":{"line":20,"column":3}},"13":{"start":{"line":17,"column":4},"end":{"line":17,"column":73}},"14":{"start":{"line":19,"column":4},"end":{"line":19,"column":20}},"15":{"start":{"line":22,"column":12},"end":{"line":22,"column":21}},"16":{"start":{"line":24,"column":20},"end":{"line":28,"column":2}},"17":{"start":{"line":30,"column":0},"end":{"line":30,"column":27}},"18":{"start":{"line":32,"column":23},"end":{"line":35,"column":2}},"19":{"start":{"line":36,"column":20},"end":{"line":36,"column":48}},"20":{"start":{"line":39,"column":0},"end":{"line":56,"column":3}},"21":{"start":{"line":40,"column":4},"end":{"line":55,"column":23}},"22":{"start":{"line":58,"column":0},"end":{"line":58,"column":51}},"23":{"start":{"line":59,"column":0},"end":{"line":59,"column":27}},"24":{"start":{"line":62,"column":0},"end":{"line":67,"column":3}},"25":{"start":{"line":63,"column":4},"end":{"line":63,"column":43}},"26":{"start":{"line":64,"column":4},"end":{"line":64,"column":47}},"27":{"start":{"line":65,"column":4},"end":{"line":65,"column":49}},"28":{"start":{"line":66,"column":4},"end":{"line":66,"column":11}},"29":{"start":{"line":70,"column":22},"end":{"line":88,"column":2}},"30":{"start":{"line":90,"column":0},"end":{"line":90,"column":23}},"31":{"start":{"line":93,"column":16},"end":{"line":97,"column":2}},"32":{"start":{"line":98,"column":0},"end":{"line":98,"column":17}},"33":{"start":{"line":101,"column":0},"end":{"line":103,"column":3}},"34":{"start":{"line":102,"column":4},"end":{"line":102,"column":29}},"35":{"start":{"line":104,"column":0},"end":{"line":104,"column":21}},"36":{"start":{"line":107,"column":0},"end":{"line":113,"column":3}},"37":{"start":{"line":108,"column":4},"end":{"line":112,"column":5}},"38":{"start":{"line":109,"column":8},"end":{"line":109,"column":88}},"39":{"start":{"line":111,"column":8},"end":{"line":111,"column":18}},"40":{"start":{"line":116,"column":0},"end":{"line":119,"column":3}},"41":{"start":{"line":117,"column":4},"end":{"line":117,"column":48}},"42":{"start":{"line":118,"column":4},"end":{"line":118,"column":90}},"43":{"start":{"line":121,"column":0},"end":{"line":121,"column":19}},"44":{"start":{"line":124,"column":0},"end":{"line":132,"column":1}},"45":{"start":{"line":125,"column":4},"end":{"line":131,"column":7}},"46":{"start":{"line":126,"column":8},"end":{"line":126,"column":71}},"47":{"start":{"line":127,"column":8},"end":{"line":130,"column":11}},"48":{"start":{"line":128,"column":12},"end":{"line":128,"column":64}},"49":{"start":{"line":129,"column":12},"end":{"line":129,"column":28}}},"fnMap":{"0":{"name":"(anonymous_1)","decl":{"start":{"line":16,"column":33},"end":{"line":16,"column":34}},"loc":{"start":{"line":16,"column":53},"end":{"line":20,"column":1}}},"1":{"name":"(anonymous_2)","decl":{"start":{"line":39,"column":38},"end":{"line":39,"column":39}},"loc":{"start":{"line":39,"column":90},"end":{"line":56,"column":1}}},"2":{"name":"(anonymous_3)","decl":{"start":{"line":62,"column":8},"end":{"line":62,"column":9}},"loc":{"start":{"line":62,"column":60},"end":{"line":67,"column":1}}},"3":{"name":"(anonymous_4)","decl":{"start":{"line":101,"column":13},"end":{"line":101,"column":14}},"loc":{"start":{"line":101,"column":45},"end":{"line":103,"column":1}}},"4":{"name":"(anonymous_5)","decl":{"start":{"line":107,"column":8},"end":{"line":107,"column":9}},"loc":{"start":{"line":107,"column":70},"end":{"line":113,"column":1}}},"5":{"name":"(anonymous_6)","decl":{"start":{"line":116,"column":8},"end":{"line":116,"column":9}},"loc":{"start":{"line":116,"column":70},"end":{"line":119,"column":1}}},"6":{"name":"(anonymous_7)","decl":{"start":{"line":125,"column":21},"end":{"line":125,"column":24}},"loc":{"start":{"line":125,"column":26},"end":{"line":131,"column":5}}},"7":{"name":"(anonymous_8)","decl":{"start":{"line":127,"column":26},"end":{"line":127,"column":27}},"loc":{"start":{"line":127,"column":34},"end":{"line":130,"column":9}}}},"branchMap":{"0":{"loc":{"start":{"line":108,"column":4},"end":{"line":112,"column":5}},"type":"if","locations":[{"start":{"line":108,"column":4},"end":{"line":112,"column":5}},{"start":{"line":110,"column":11},"end":{"line":112,"column":5}}]},"1":{"loc":{"start":{"line":108,"column":8},"end":{"line":108,"column":61}},"type":"binary-expr","locations":[{"start":{"line":108,"column":8},"end":{"line":108,"column":28}},{"start":{"line":108,"column":32},"end":{"line":108,"column":61}}]},"2":{"loc":{"start":{"line":118,"column":15},"end":{"line":118,"column":32}},"type":"binary-expr","locations":[{"start":{"line":118,"column":15},"end":{"line":118,"column":25}},{"start":{"line":118,"column":29},"end":{"line":118,"column":32}}]},"3":{"loc":{"start":{"line":118,"column":48},"end":{"line":118,"column":86}},"type":"binary-expr","locations":[{"start":{"line":118,"column":48},"end":{"line":118,"column":59}},{"start":{"line":118,"column":63},"end":{"line":118,"column":86}}]},"4":{"loc":{"start":{"line":124,"column":0},"end":{"line":132,"column":1}},"type":"if","locations":[{"start":{"line":124,"column":0},"end":{"line":132,"column":1}}]}},"s":{"0":1,"1":1,"2":1,"3":1,"4":1,"5":1,"6":1,"7":1,"8":1,"9":1,"10":1,"11":1,"12":1,"13":0,"14":0,"15":1,"16":1,"17":1,"18":1,"19":1,"20":1,"21":0,"22":1,"23":1,"24":1,"25":1,"26":1,"27":1,"28":1,"29":1,"30":1,"31":1,"32":1,"33":1,"34":0,"35":1,"36":1,"37":0,"38":0,"39":0,"40":1,"41":0,"42":0,"43":1,"44":1,"45":0,"46":0,"47":0,"48":0,"49":0},"f":{"0":0,"1":0,"2":1,"3":0,"4":0,"5":0,"6":0,"7":0},"b":{"0":[0,0],"1":[0,0],"2":[0,0],"3":[0,0],"4":[0]}}
,"/Users/alli/Desktop/scizzor-new/backend/src/swaggerDefinition.ts": {"path":"/Users/alli/Desktop/scizzor-new/backend/src/swaggerDefinition.ts","statementMap":{"0":{"start":{"line":1,"column":26},"end":{"line":279,"column":2}},"1":{"start":{"line":281,"column":0},"end":{"line":281,"column":33}}},"fnMap":{},"branchMap":{},"s":{"0":1,"1":1},"f":{},"b":{}}
,"/Users/alli/Desktop/scizzor-new/backend/src/auth/auth0.ts": {"path":"/Users/alli/Desktop/scizzor-new/backend/src/auth/auth0.ts","statementMap":{"0":{"start":{"line":1,"column":0},"end":{"line":1,"column":60}},"1":{"start":{"line":2,"column":0},"end":{"line":2,"column":28}},"2":{"start":{"line":4,"column":0},"end":{"line":4,"column":16}},"3":{"start":{"line":6,"column":29},"end":{"line":13,"column":2}},"4":{"start":{"line":15,"column":0},"end":{"line":15,"column":28}}},"fnMap":{},"branchMap":{},"s":{"0":0,"1":0,"2":0,"3":0,"4":0},"f":{},"b":{}}
,"/Users/alli/Desktop/scizzor-new/backend/src/auth/getAuth0UserId.ts": {"path":"/Users/alli/Desktop/scizzor-new/backend/src/auth/getAuth0UserId.ts","statementMap":{"0":{"start":{"line":5,"column":0},"end":{"line":5,"column":16}},"1":{"start":{"line":2,"column":0},"end":{"line":2,"column":31}},"2":{"start":{"line":7,"column":4},"end":{"line":19,"column":5}},"3":{"start":{"line":8,"column":27},"end":{"line":8,"column":52}},"4":{"start":{"line":9,"column":8},"end":{"line":9,"column":37}},"5":{"start":{"line":9,"column":25},"end":{"line":9,"column":37}},"6":{"start":{"line":11,"column":22},"end":{"line":11,"column":46}},"7":{"start":{"line":12,"column":8},"end":{"line":12,"column":32}},"8":{"start":{"line":12,"column":20},"end":{"line":12,"column":32}},"9":{"start":{"line":13,"column":24},"end":{"line":13,"column":67}},"10":{"start":{"line":14,"column":8},"end":{"line":14,"column":44}},"11":{"start":{"line":17,"column":8},"end":{"line":17,"column":54}},"12":{"start":{"line":18,"column":8},"end":{"line":18,"column":20}}},"fnMap":{"0":{"name":"getAuth0UserId","decl":{"start":{"line":5,"column":16},"end":{"line":5,"column":30}},"loc":{"start":{"line":5,"column":43},"end":{"line":20,"column":1}}}},"branchMap":{"0":{"loc":{"start":{"line":9,"column":8},"end":{"line":9,"column":37}},"type":"if","locations":[{"start":{"line":9,"column":8},"end":{"line":9,"column":37}}]},"1":{"loc":{"start":{"line":12,"column":8},"end":{"line":12,"column":32}},"type":"if","locations":[{"start":{"line":12,"column":8},"end":{"line":12,"column":32}}]},"2":{"loc":{"start":{"line":14,"column":15},"end":{"line":14,"column":43}},"type":"cond-expr","locations":[{"start":{"line":14,"column":25},"end":{"line":14,"column":36}},{"start":{"line":14,"column":39},"end":{"line":14,"column":43}}]}},"s":{"0":1,"1":1,"2":1,"3":1,"4":1,"5":0,"6":1,"7":1,"8":0,"9":1,"10":1,"11":0,"12":0},"f":{"0":1},"b":{"0":[0],"1":[0],"2":[1,0]}}
,"/Users/alli/Desktop/scizzor-new/backend/src/config/config.ts": {"path":"/Users/alli/Desktop/scizzor-new/backend/src/config/config.ts","statementMap":{"0":{"start":{"line":1,"column":0},"end":{"line":1,"column":27}},"1":{"start":{"line":2,"column":0},"end":{"line":2,"column":null}},"2":{"start":{"line":4,"column":13},"end":{"line":4,"column":null}},"3":{"start":{"line":5,"column":13},"end":{"line":5,"column":null}},"4":{"start":{"line":6,"column":13},"end":{"line":6,"column":null}}},"fnMap":{},"branchMap":{},"s":{"0":1,"1":1,"2":1,"3":1,"4":1},"f":{},"b":{}}
,"/Users/alli/Desktop/scizzor-new/backend/src/config/production.ts": {"path":"/Users/alli/Desktop/scizzor-new/backend/src/config/production.ts","statementMap":{"0":{"start":{"line":1,"column":0},"end":{"line":1,"column":27}},"1":{"start":{"line":2,"column":0},"end":{"line":2,"column":null}},"2":{"start":{"line":4,"column":13},"end":{"line":4,"column":null}},"3":{"start":{"line":5,"column":13},"end":{"line":5,"column":null}},"4":{"start":{"line":6,"column":13},"end":{"line":6,"column":null}}},"fnMap":{},"branchMap":{},"s":{"0":0,"1":0,"2":0,"3":0,"4":0},"f":{},"b":{}}
,"/Users/alli/Desktop/scizzor-new/backend/src/controllers/qrCodeController.ts": {"path":"/Users/alli/Desktop/scizzor-new/backend/src/controllers/qrCodeController.ts","statementMap":{"0":{"start":{"line":2,"column":0},"end":{"line":2,"column":59}},"1":{"start":{"line":4,"column":25},"end":{"line":23,"column":2}},"2":{"start":{"line":4,"column":78},"end":{"line":23,"column":2}},"3":{"start":{"line":5,"column":4},"end":{"line":22,"column":5}},"4":{"start":{"line":7,"column":25},"end":{"line":7,"column":34}},"5":{"start":{"line":8,"column":8},"end":{"line":11,"column":9}},"6":{"start":{"line":9,"column":12},"end":{"line":9,"column":49}},"7":{"start":{"line":10,"column":12},"end":{"line":10,"column":19}},"8":{"start":{"line":13,"column":29},"end":{"line":13,"column":55}},"9":{"start":{"line":14,"column":26},"end":{"line":14,"column":61}},"10":{"start":{"line":16,"column":8},"end":{"line":16,"column":51}},"11":{"start":{"line":18,"column":8},"end":{"line":18,"column":28}},"12":{"start":{"line":20,"column":8},"end":{"line":20,"column":58}},"13":{"start":{"line":21,"column":8},"end":{"line":21,"column":57}},"14":{"start":{"line":4,"column":13},"end":{"line":4,"column":25}}},"fnMap":{"0":{"name":"(anonymous_7)","decl":{"start":{"line":4,"column":25},"end":{"line":4,"column":32}},"loc":{"start":{"line":4,"column":78},"end":{"line":23,"column":2}}},"1":{"name":"(anonymous_8)","decl":{"start":{"line":4,"column":78},"end":{"line":4,"column":null}},"loc":{"start":{"line":4,"column":78},"end":{"line":23,"column":1}}}},"branchMap":{"0":{"loc":{"start":{"line":8,"column":8},"end":{"line":11,"column":9}},"type":"if","locations":[{"start":{"line":8,"column":8},"end":{"line":11,"column":9}}]}},"s":{"0":1,"1":1,"2":0,"3":0,"4":0,"5":0,"6":0,"7":0,"8":0,"9":0,"10":0,"11":0,"12":0,"13":0,"14":1},"f":{"0":0,"1":0},"b":{"0":[0]}}
,"/Users/alli/Desktop/scizzor-new/backend/src/controllers/shortUrlController.ts": {"path":"/Users/alli/Desktop/scizzor-new/backend/src/controllers/shortUrlController.ts","statementMap":{"0":{"start":{"line":14,"column":0},"end":{"line":14,"column":22}},"1":{"start":{"line":34,"column":0},"end":{"line":34,"column":22}},"2":{"start":{"line":67,"column":0},"end":{"line":67,"column":22}},"3":{"start":{"line":98,"column":0},"end":{"line":98,"column":22}},"4":{"start":{"line":122,"column":0},"end":{"line":122,"column":22}},"5":{"start":{"line":2,"column":0},"end":{"line":2,"column":114}},"6":{"start":{"line":3,"column":0},"end":{"line":3,"column":53}},"7":{"start":{"line":5,"column":0},"end":{"line":5,"column":52}},"8":{"start":{"line":6,"column":0},"end":{"line":6,"column":56}},"9":{"start":{"line":7,"column":0},"end":{"line":7,"column":70}},"10":{"start":{"line":11,"column":4},"end":{"line":11,"column":77}},"11":{"start":{"line":15,"column":4},"end":{"line":32,"column":5}},"12":{"start":{"line":16,"column":24},"end":{"line":16,"column":43}},"13":{"start":{"line":18,"column":8},"end":{"line":20,"column":9}},"14":{"start":{"line":19,"column":12},"end":{"line":19,"column":77}},"15":{"start":{"line":22,"column":45},"end":{"line":22,"column":53}},"16":{"start":{"line":23,"column":23},"end":{"line":23,"column":85}},"17":{"start":{"line":24,"column":8},"end":{"line":24,"column":28}},"18":{"start":{"line":28,"column":8},"end":{"line":28,"column":44}},"19":{"start":{"line":30,"column":8},"end":{"line":30,"column":58}},"20":{"start":{"line":31,"column":8},"end":{"line":31,"column":72}},"21":{"start":{"line":35,"column":4},"end":{"line":65,"column":5}},"22":{"start":{"line":36,"column":28},"end":{"line":36,"column":38}},"23":{"start":{"line":37,"column":22},"end":{"line":37,"column":57}},"24":{"start":{"line":39,"column":8},"end":{"line":43,"column":9}},"25":{"start":{"line":40,"column":12},"end":{"line":40,"column":66}},"26":{"start":{"line":41,"column":12},"end":{"line":41,"column":67}},"27":{"start":{"line":42,"column":12},"end":{"line":42,"column":19}},"28":{"start":{"line":45,"column":8},"end":{"line":45,"column":72}},"29":{"start":{"line":47,"column":31},"end":{"line":52,"column":10}},"30":{"start":{"line":54,"column":24},"end":{"line":54,"column":43}},"31":{"start":{"line":55,"column":8},"end":{"line":57,"column":9}},"32":{"start":{"line":56,"column":12},"end":{"line":56,"column":40}},"33":{"start":{"line":59,"column":8},"end":{"line":59,"column":42}},"34":{"start":{"line":60,"column":8},"end":{"line":60,"column":40}},"35":{"start":{"line":63,"column":8},"end":{"line":63,"column":57}},"36":{"start":{"line":64,"column":8},"end":{"line":64,"column":65}},"37":{"start":{"line":68,"column":4},"end":{"line":91,"column":5}},"38":{"start":{"line":70,"column":24},"end":{"line":70,"column":43}},"39":{"start":{"line":71,"column":8},"end":{"line":71,"column":null}},"40":{"start":{"line":74,"column":8},"end":{"line":76,"column":9}},"41":{"start":{"line":75,"column":12},"end":{"line":75,"column":77}},"42":{"start":{"line":79,"column":25},"end":{"line":79,"column":64}},"43":{"start":{"line":82,"column":25},"end":{"line":82,"column":53}},"44":{"start":{"line":82,"column":45},"end":{"line":82,"column":52}},"45":{"start":{"line":85,"column":30},"end":{"line":85,"column":89}},"46":{"start":{"line":87,"column":8},"end":{"line":87,"column":55}},"47":{"start":{"line":89,"column":8},"end":{"line":89,"column":63}},"48":{"start":{"line":90,"column":8},"end":{"line":90,"column":65}},"49":{"start":{"line":99,"column":20},"end":{"line":99,"column":39}},"50":{"start":{"line":100,"column":4},"end":{"line":100,"column":35}},"51":{"start":{"line":102,"column":4},"end":{"line":104,"column":5}},"52":{"start":{"line":103,"column":8},"end":{"line":103,"column":73}},"53":{"start":{"line":106,"column":4},"end":{"line":117,"column":5}},"54":{"start":{"line":107,"column":26},"end":{"line":107,"column":65}},"55":{"start":{"line":108,"column":8},"end":{"line":110,"column":9}},"56":{"start":{"line":109,"column":12},"end":{"line":109,"column":84}},"57":{"start":{"line":112,"column":8},"end":{"line":112,"column":31}},"58":{"start":{"line":113,"column":8},"end":{"line":113,"column":47}},"59":{"start":{"line":115,"column":8},"end":{"line":115,"column":61}},"60":{"start":{"line":116,"column":8},"end":{"line":116,"column":72}},"61":{"start":{"line":123,"column":20},"end":{"line":123,"column":39}},"62":{"start":{"line":124,"column":4},"end":{"line":124,"column":35}},"63":{"start":{"line":126,"column":4},"end":{"line":128,"column":5}},"64":{"start":{"line":127,"column":8},"end":{"line":127,"column":73}},"65":{"start":{"line":130,"column":4},"end":{"line":136,"column":5}},"66":{"start":{"line":131,"column":8},"end":{"line":131,"column":47}},"67":{"start":{"line":132,"column":8},"end":{"line":132,"column":81}},"68":{"start":{"line":134,"column":8},"end":{"line":134,"column":75}},"69":{"start":{"line":135,"column":8},"end":{"line":135,"column":72}}},"fnMap":{"0":{"name":"isErrorWithMessage","decl":{"start":{"line":10,"column":9},"end":{"line":10,"column":27}},"loc":{"start":{"line":10,"column":42},"end":{"line":12,"column":1}}},"1":{"name":"createShortUrl","decl":{"start":{"line":14,"column":22},"end":{"line":14,"column":36}},"loc":{"start":{"line":14,"column":64},"end":{"line":33,"column":null}}},"2":{"name":"handleRedirect","decl":{"start":{"line":34,"column":22},"end":{"line":34,"column":36}},"loc":{"start":{"line":34,"column":64},"end":{"line":66,"column":null}}},"3":{"name":"getAnalytics","decl":{"start":{"line":67,"column":22},"end":{"line":67,"column":34}},"loc":{"start":{"line":67,"column":62},"end":{"line":92,"column":null}}},"4":{"name":"(anonymous_14)","decl":{"start":{"line":82,"column":38},"end":{"line":82,"column":41}},"loc":{"start":{"line":82,"column":45},"end":{"line":82,"column":52}}},"5":{"name":"getLinkHistory","decl":{"start":{"line":98,"column":22},"end":{"line":98,"column":36}},"loc":{"start":{"line":98,"column":64},"end":{"line":118,"column":null}}},"6":{"name":"handleClearHistory","decl":{"start":{"line":122,"column":22},"end":{"line":122,"column":40}},"loc":{"start":{"line":122,"column":68},"end":{"line":137,"column":null}}}},"branchMap":{"0":{"loc":{"start":{"line":11,"column":11},"end":{"line":11,"column":76}},"type":"binary-expr","locations":[{"start":{"line":11,"column":11},"end":{"line":11,"column":36}},{"start":{"line":11,"column":40},"end":{"line":11,"column":54}},{"start":{"line":11,"column":58},"end":{"line":11,"column":76}}]},"1":{"loc":{"start":{"line":18,"column":8},"end":{"line":20,"column":9}},"type":"if","locations":[{"start":{"line":18,"column":8},"end":{"line":20,"column":9}}]},"2":{"loc":{"start":{"line":39,"column":8},"end":{"line":43,"column":9}},"type":"if","locations":[{"start":{"line":39,"column":8},"end":{"line":43,"column":9}}]},"3":{"loc":{"start":{"line":55,"column":8},"end":{"line":57,"column":9}},"type":"if","locations":[{"start":{"line":55,"column":8},"end":{"line":57,"column":9}}]},"4":{"loc":{"start":{"line":74,"column":8},"end":{"line":76,"column":9}},"type":"if","locations":[{"start":{"line":74,"column":8},"end":{"line":76,"column":9}}]},"5":{"loc":{"start":{"line":102,"column":4},"end":{"line":104,"column":5}},"type":"if","locations":[{"start":{"line":102,"column":4},"end":{"line":104,"column":5}}]},"6":{"loc":{"start":{"line":108,"column":8},"end":{"line":110,"column":9}},"type":"if","locations":[{"start":{"line":108,"column":8},"end":{"line":110,"column":9}}]},"7":{"loc":{"start":{"line":108,"column":12},"end":{"line":108,"column":48}},"type":"binary-expr","locations":[{"start":{"line":108,"column":12},"end":{"line":108,"column":22}},{"start":{"line":108,"column":26},"end":{"line":108,"column":48}}]},"8":{"loc":{"start":{"line":126,"column":4},"end":{"line":128,"column":5}},"type":"if","locations":[{"start":{"line":126,"column":4},"end":{"line":128,"column":5}}]}},"s":{"0":1,"1":1,"2":1,"3":1,"4":1,"5":1,"6":1,"7":1,"8":1,"9":1,"10":0,"11":1,"12":1,"13":1,"14":0,"15":1,"16":1,"17":0,"18":0,"19":1,"20":1,"21":0,"22":0,"23":0,"24":0,"25":0,"26":0,"27":0,"28":0,"29":0,"30":0,"31":0,"32":0,"33":0,"34":0,"35":0,"36":0,"37":0,"38":0,"39":0,"40":0,"41":0,"42":0,"43":0,"44":0,"45":0,"46":0,"47":0,"48":0,"49":0,"50":0,"51":0,"52":0,"53":0,"54":0,"55":0,"56":0,"57":0,"58":0,"59":0,"60":0,"61":0,"62":0,"63":0,"64":0,"65":0,"66":0,"67":0,"68":0,"69":0},"f":{"0":0,"1":1,"2":0,"3":0,"4":0,"5":0,"6":0},"b":{"0":[0,0,0],"1":[0],"2":[0],"3":[0],"4":[0],"5":[0],"6":[0],"7":[0,0],"8":[0]}}
,"/Users/alli/Desktop/scizzor-new/backend/src/database/mongoDb.ts": {"path":"/Users/alli/Desktop/scizzor-new/backend/src/database/mongoDb.ts","statementMap":{"0":{"start":{"line":6,"column":0},"end":{"line":6,"column":22}},"1":{"start":{"line":18,"column":0},"end":{"line":18,"column":22}},"2":{"start":{"line":1,"column":0},"end":{"line":1,"column":44}},"3":{"start":{"line":2,"column":0},"end":{"line":2,"column":32}},"4":{"start":{"line":7,"column":4},"end":{"line":16,"column":5}},"5":{"start":{"line":8,"column":8},"end":{"line":10,"column":9}},"6":{"start":{"line":9,"column":12},"end":{"line":9,"column":55}},"7":{"start":{"line":12,"column":8},"end":{"line":12,"column":41}},"8":{"start":{"line":13,"column":8},"end":{"line":13,"column":54}},"9":{"start":{"line":15,"column":8},"end":{"line":15,"column":58}},"10":{"start":{"line":19,"column":4},"end":{"line":24,"column":5}},"11":{"start":{"line":20,"column":8},"end":{"line":20,"column":36}},"12":{"start":{"line":21,"column":8},"end":{"line":21,"column":57}},"13":{"start":{"line":23,"column":8},"end":{"line":23,"column":61}}},"fnMap":{"0":{"name":"connectDB","decl":{"start":{"line":6,"column":22},"end":{"line":6,"column":31}},"loc":{"start":{"line":6,"column":31},"end":{"line":17,"column":null}}},"1":{"name":"disconnectDB","decl":{"start":{"line":18,"column":22},"end":{"line":18,"column":34}},"loc":{"start":{"line":18,"column":34},"end":{"line":25,"column":null}}}},"branchMap":{"0":{"loc":{"start":{"line":8,"column":8},"end":{"line":10,"column":9}},"type":"if","locations":[{"start":{"line":8,"column":8},"end":{"line":10,"column":9}}]}},"s":{"0":1,"1":1,"2":1,"3":1,"4":0,"5":0,"6":0,"7":0,"8":0,"9":0,"10":0,"11":0,"12":0,"13":0},"f":{"0":0,"1":0},"b":{"0":[0]}}
,"/Users/alli/Desktop/scizzor-new/backend/src/middleware/cacheMiddleware.ts": {"path":"/Users/alli/Desktop/scizzor-new/backend/src/middleware/cacheMiddleware.ts","statementMap":{"0":{"start":{"line":5,"column":0},"end":{"line":5,"column":22}},"1":{"start":{"line":3,"column":0},"end":{"line":3,"column":47}},"2":{"start":{"line":6,"column":20},"end":{"line":6,"column":62}},"3":{"start":{"line":7,"column":4},"end":{"line":7,"column":32}},"4":{"start":{"line":7,"column":18},"end":{"line":7,"column":32}},"5":{"start":{"line":9,"column":4},"end":{"line":18,"column":5}},"6":{"start":{"line":10,"column":28},"end":{"line":10,"column":58}},"7":{"start":{"line":11,"column":8},"end":{"line":13,"column":9}},"8":{"start":{"line":12,"column":12},"end":{"line":12,"column":65}},"9":{"start":{"line":14,"column":8},"end":{"line":14,"column":15}},"10":{"start":{"line":16,"column":8},"end":{"line":16,"column":56}},"11":{"start":{"line":17,"column":8},"end":{"line":17,"column":15}}},"fnMap":{"0":{"name":"cacheMiddleware","decl":{"start":{"line":5,"column":22},"end":{"line":5,"column":37}},"loc":{"start":{"line":5,"column":85},"end":{"line":19,"column":null}}}},"branchMap":{"0":{"loc":{"start":{"line":6,"column":20},"end":{"line":6,"column":62}},"type":"binary-expr","locations":[{"start":{"line":6,"column":20},"end":{"line":6,"column":38}},{"start":{"line":6,"column":42},"end":{"line":6,"column":62}}]},"1":{"loc":{"start":{"line":7,"column":4},"end":{"line":7,"column":32}},"type":"if","locations":[{"start":{"line":7,"column":4},"end":{"line":7,"column":32}}]},"2":{"loc":{"start":{"line":11,"column":8},"end":{"line":13,"column":9}},"type":"if","locations":[{"start":{"line":11,"column":8},"end":{"line":13,"column":9}}]}},"s":{"0":1,"1":1,"2":0,"3":0,"4":0,"5":0,"6":0,"7":0,"8":0,"9":0,"10":0,"11":0},"f":{"0":0},"b":{"0":[0,0],"1":[0],"2":[0]}}
,"/Users/alli/Desktop/scizzor-new/backend/src/middleware/validateLink.ts": {"path":"/Users/alli/Desktop/scizzor-new/backend/src/middleware/validateLink.ts","statementMap":{"0":{"start":{"line":4,"column":21},"end":{"line":15,"column":null}},"1":{"start":{"line":4,"column":54},"end":{"line":15,"column":null}},"2":{"start":{"line":4,"column":112},"end":{"line":15,"column":null}},"3":{"start":{"line":5,"column":4},"end":{"line":14,"column":5}},"4":{"start":{"line":6,"column":8},"end":{"line":10,"column":34}},"5":{"start":{"line":11,"column":8},"end":{"line":11,"column":15}},"6":{"start":{"line":13,"column":8},"end":{"line":13,"column":39}},"7":{"start":{"line":17,"column":0},"end":{"line":17,"column":28}}},"fnMap":{"0":{"name":"(anonymous_7)","decl":{"start":{"line":4,"column":21},"end":{"line":4,"column":22}},"loc":{"start":{"line":4,"column":54},"end":{"line":15,"column":null}}},"1":{"name":"(anonymous_8)","decl":{"start":{"line":4,"column":54},"end":{"line":4,"column":61}},"loc":{"start":{"line":4,"column":112},"end":{"line":15,"column":null}}},"2":{"name":"(anonymous_9)","decl":{"start":{"line":4,"column":112},"end":{"line":4,"column":null}},"loc":{"start":{"line":4,"column":112},"end":{"line":15,"column":1}}}},"branchMap":{},"s":{"0":1,"1":1,"2":1,"3":1,"4":1,"5":1,"6":0,"7":1},"f":{"0":1,"1":1,"2":1},"b":{}}
,"/Users/alli/Desktop/scizzor-new/backend/src/models/analytic.model.ts": {"path":"/Users/alli/Desktop/scizzor-new/backend/src/models/analytic.model.ts","statementMap":{"0":{"start":{"line":1,"column":0},"end":{"line":1,"column":54}},"1":{"start":{"line":13,"column":24},"end":{"line":37,"column":24}},"2":{"start":{"line":39,"column":13},"end":{"line":39,"column":81}}},"fnMap":{},"branchMap":{},"s":{"0":2,"1":2,"2":2},"f":{},"b":{}}
,"/Users/alli/Desktop/scizzor-new/backend/src/models/history.model.ts": {"path":"/Users/alli/Desktop/scizzor-new/backend/src/models/history.model.ts","statementMap":{"0":{"start":{"line":2,"column":0},"end":{"line":2,"column":54}},"1":{"start":{"line":11,"column":34},"end":{"line":16,"column":2}},"2":{"start":{"line":18,"column":20},"end":{"line":18,"column":82}},"3":{"start":{"line":20,"column":0},"end":{"line":20,"column":27}}},"fnMap":{},"branchMap":{},"s":{"0":2,"1":2,"2":2,"3":2},"f":{},"b":{}}
,"/Users/alli/Desktop/scizzor-new/backend/src/models/qrCode.model.ts": {"path":"/Users/alli/Desktop/scizzor-new/backend/src/models/qrCode.model.ts","statementMap":{"0":{"start":{"line":2,"column":0},"end":{"line":2,"column":54}},"1":{"start":{"line":10,"column":29},"end":{"line":14,"column":2}},"2":{"start":{"line":16,"column":15},"end":{"line":16,"column":69}},"3":{"start":{"line":18,"column":0},"end":{"line":18,"column":22}}},"fnMap":{},"branchMap":{},"s":{"0":1,"1":1,"2":1,"3":1},"f":{},"b":{}}
,"/Users/alli/Desktop/scizzor-new/backend/src/models/shortUrl.model.ts": {"path":"/Users/alli/Desktop/scizzor-new/backend/src/models/shortUrl.model.ts","statementMap":{"0":{"start":{"line":1,"column":0},"end":{"line":1,"column":46}},"1":{"start":{"line":2,"column":0},"end":{"line":2,"column":40}},"2":{"start":{"line":4,"column":15},"end":{"line":4,"column":47}},"3":{"start":{"line":14,"column":18},"end":{"line":32,"column":2}},"4":{"start":{"line":19,"column":23},"end":{"line":19,"column":32}},"5":{"start":{"line":34,"column":13},"end":{"line":34,"column":72}}},"fnMap":{"0":{"name":"(anonymous_1)","decl":{"start":{"line":19,"column":17},"end":{"line":19,"column":20}},"loc":{"start":{"line":19,"column":23},"end":{"line":19,"column":32}}}},"branchMap":{},"s":{"0":2,"1":2,"2":2,"3":2,"4":0,"5":2},"f":{"0":0},"b":{}}
,"/Users/alli/Desktop/scizzor-new/backend/src/models/user.model.ts": {"path":"/Users/alli/Desktop/scizzor-new/backend/src/models/user.model.ts","statementMap":{"0":{"start":{"line":1,"column":0},"end":{"line":1,"column":54}},"1":{"start":{"line":9,"column":19},"end":{"line":13,"column":2}},"2":{"start":{"line":15,"column":13},"end":{"line":15,"column":62}}},"fnMap":{},"branchMap":{},"s":{"0":0,"1":0,"2":0},"f":{},"b":{}}
,"/Users/alli/Desktop/scizzor-new/backend/src/routes/index.ts": {"path":"/Users/alli/Desktop/scizzor-new/backend/src/routes/index.ts","statementMap":{"0":{"start":{"line":1,"column":0},"end":{"line":1,"column":33}},"1":{"start":{"line":2,"column":0},"end":{"line":2,"column":133}},"2":{"start":{"line":3,"column":0},"end":{"line":3,"column":60}},"3":{"start":{"line":4,"column":0},"end":{"line":4,"column":54}},"4":{"start":{"line":5,"column":0},"end":{"line":5,"column":47}},"5":{"start":{"line":6,"column":0},"end":{"line":6,"column":64}},"6":{"start":{"line":8,"column":15},"end":{"line":8,"column":23}},"7":{"start":{"line":46,"column":0},"end":{"line":46,"column":70}},"8":{"start":{"line":73,"column":0},"end":{"line":73,"column":56}},"9":{"start":{"line":97,"column":0},"end":{"line":97,"column":56}},"10":{"start":{"line":124,"column":0},"end":{"line":124,"column":35}},"11":{"start":{"line":146,"column":0},"end":{"line":146,"column":57}},"12":{"start":{"line":164,"column":0},"end":{"line":164,"column":46}},"13":{"start":{"line":166,"column":0},"end":{"line":166,"column":22}}},"fnMap":{},"branchMap":{},"s":{"0":1,"1":1,"2":1,"3":1,"4":1,"5":1,"6":1,"7":1,"8":1,"9":1,"10":1,"11":1,"12":1,"13":1},"f":{},"b":{}}
,"/Users/alli/Desktop/scizzor-new/backend/src/services/qrCodeService.ts": {"path":"/Users/alli/Desktop/scizzor-new/backend/src/services/qrCodeService.ts","statementMap":{"0":{"start":{"line":2,"column":0},"end":{"line":2,"column":26}},"1":{"start":{"line":3,"column":0},"end":{"line":3,"column":28}},"2":{"start":{"line":4,"column":0},"end":{"line":4,"column":44}},"3":{"start":{"line":6,"column":0},"end":{"line":6,"column":16}},"4":{"start":{"line":8,"column":30},"end":{"line":45,"column":2}},"5":{"start":{"line":8,"column":70},"end":{"line":45,"column":2}},"6":{"start":{"line":9,"column":20},"end":{"line":26,"column":6}},"7":{"start":{"line":28,"column":4},"end":{"line":44,"column":5}},"8":{"start":{"line":29,"column":25},"end":{"line":29,"column":53}},"9":{"start":{"line":30,"column":29},"end":{"line":30,"column":42}},"10":{"start":{"line":33,"column":26},"end":{"line":36,"column":10}},"11":{"start":{"line":38,"column":8},"end":{"line":38,"column":31}},"12":{"start":{"line":40,"column":8},"end":{"line":40,"column":28}},"13":{"start":{"line":42,"column":8},"end":{"line":42,"column":58}},"14":{"start":{"line":43,"column":8},"end":{"line":43,"column":54}},"15":{"start":{"line":8,"column":13},"end":{"line":8,"column":30}}},"fnMap":{"0":{"name":"(anonymous_8)","decl":{"start":{"line":8,"column":30},"end":{"line":8,"column":37}},"loc":{"start":{"line":8,"column":70},"end":{"line":45,"column":2}}},"1":{"name":"(anonymous_9)","decl":{"start":{"line":8,"column":70},"end":{"line":8,"column":null}},"loc":{"start":{"line":8,"column":70},"end":{"line":45,"column":1}}}},"branchMap":{},"s":{"0":1,"1":1,"2":1,"3":1,"4":1,"5":0,"6":0,"7":0,"8":0,"9":0,"10":0,"11":0,"12":0,"13":0,"14":0,"15":1},"f":{"0":0,"1":0},"b":{}}
,"/Users/alli/Desktop/scizzor-new/backend/src/services/shortUrlService.ts": {"path":"/Users/alli/Desktop/scizzor-new/backend/src/services/shortUrlService.ts","statementMap":{"0":{"start":{"line":7,"column":0},"end":{"line":7,"column":22}},"1":{"start":{"line":35,"column":0},"end":{"line":35,"column":22}},"2":{"start":{"line":47,"column":0},"end":{"line":47,"column":22}},"3":{"start":{"line":1,"column":0},"end":{"line":1,"column":62}},"4":{"start":{"line":2,"column":0},"end":{"line":2,"column":50}},"5":{"start":{"line":3,"column":0},"end":{"line":3,"column":53}},"6":{"start":{"line":4,"column":0},"end":{"line":4,"column":32}},"7":{"start":{"line":8,"column":4},"end":{"line":10,"column":5}},"8":{"start":{"line":9,"column":8},"end":{"line":9,"column":48}},"9":{"start":{"line":13,"column":4},"end":{"line":18,"column":5}},"10":{"start":{"line":14,"column":36},"end":{"line":14,"column":75}},"11":{"start":{"line":15,"column":8},"end":{"line":17,"column":9}},"12":{"start":{"line":16,"column":12},"end":{"line":16,"column":57}},"13":{"start":{"line":20,"column":20},"end":{"line":20,"column":44}},"14":{"start":{"line":21,"column":19},"end":{"line":28,"column":6}},"15":{"start":{"line":31,"column":4},"end":{"line":31,"column":24}},"16":{"start":{"line":33,"column":4},"end":{"line":33,"column":18}},"17":{"start":{"line":36,"column":18},"end":{"line":36,"column":90}},"18":{"start":{"line":37,"column":4},"end":{"line":39,"column":5}},"19":{"start":{"line":38,"column":8},"end":{"line":38,"column":41}},"20":{"start":{"line":40,"column":4},"end":{"line":40,"column":19}},"21":{"start":{"line":41,"column":4},"end":{"line":41,"column":23}},"22":{"start":{"line":42,"column":4},"end":{"line":42,"column":17}},"23":{"start":{"line":48,"column":4},"end":{"line":57,"column":5}},"24":{"start":{"line":49,"column":26},"end":{"line":49,"column":67}},"25":{"start":{"line":50,"column":8},"end":{"line":50,"column":25}},"26":{"start":{"line":52,"column":8},"end":{"line":56,"column":9}},"27":{"start":{"line":53,"column":12},"end":{"line":53,"column":77}},"28":{"start":{"line":55,"column":12},"end":{"line":55,"column":57}},"29":{"start":{"line":61,"column":39},"end":{"line":74,"column":2}},"30":{"start":{"line":61,"column":80},"end":{"line":74,"column":2}},"31":{"start":{"line":62,"column":4},"end":{"line":73,"column":5}},"32":{"start":{"line":64,"column":8},"end":{"line":64,"column":47}},"33":{"start":{"line":67,"column":26},"end":{"line":67,"column":65}},"34":{"start":{"line":68,"column":25},"end":{"line":68,"column":54}},"35":{"start":{"line":68,"column":46},"end":{"line":68,"column":53}},"36":{"start":{"line":69,"column":8},"end":{"line":69,"column":67}},"37":{"start":{"line":71,"column":8},"end":{"line":71,"column":72}},"38":{"start":{"line":72,"column":8},"end":{"line":72,"column":56}},"39":{"start":{"line":61,"column":13},"end":{"line":61,"column":39}}},"fnMap":{"0":{"name":"createShortUrlService","decl":{"start":{"line":7,"column":22},"end":{"line":7,"column":43}},"loc":{"start":{"line":7,"column":102},"end":{"line":34,"column":null}}},"1":{"name":"getShortUrlByShortId","decl":{"start":{"line":35,"column":22},"end":{"line":35,"column":42}},"loc":{"start":{"line":35,"column":58},"end":{"line":43,"column":null}}},"2":{"name":"getLinkHistoryByUserId","decl":{"start":{"line":47,"column":22},"end":{"line":47,"column":44}},"loc":{"start":{"line":47,"column":59},"end":{"line":58,"column":null}}},"3":{"name":"(anonymous_14)","decl":{"start":{"line":61,"column":39},"end":{"line":61,"column":46}},"loc":{"start":{"line":61,"column":80},"end":{"line":74,"column":2}}},"4":{"name":"(anonymous_15)","decl":{"start":{"line":61,"column":80},"end":{"line":61,"column":null}},"loc":{"start":{"line":61,"column":80},"end":{"line":74,"column":1}}},"5":{"name":"(anonymous_16)","decl":{"start":{"line":68,"column":39},"end":{"line":68,"column":42}},"loc":{"start":{"line":68,"column":46},"end":{"line":68,"column":53}}}},"branchMap":{"0":{"loc":{"start":{"line":8,"column":4},"end":{"line":10,"column":5}},"type":"if","locations":[{"start":{"line":8,"column":4},"end":{"line":10,"column":5}}]},"1":{"loc":{"start":{"line":13,"column":4},"end":{"line":18,"column":5}},"type":"if","locations":[{"start":{"line":13,"column":4},"end":{"line":18,"column":5}}]},"2":{"loc":{"start":{"line":13,"column":8},"end":{"line":13,"column":48}},"type":"binary-expr","locations":[{"start":{"line":13,"column":8},"end":{"line":13,"column":19}},{"start":{"line":13,"column":23},"end":{"line":13,"column":48}}]},"3":{"loc":{"start":{"line":15,"column":8},"end":{"line":17,"column":9}},"type":"if","locations":[{"start":{"line":15,"column":8},"end":{"line":17,"column":9}}]},"4":{"loc":{"start":{"line":20,"column":20},"end":{"line":20,"column":44}},"type":"binary-expr","locations":[{"start":{"line":20,"column":20},"end":{"line":20,"column":31}},{"start":{"line":20,"column":35},"end":{"line":20,"column":44}}]},"5":{"loc":{"start":{"line":26,"column":21},"end":{"line":26,"column":53}},"type":"binary-expr","locations":[{"start":{"line":26,"column":21},"end":{"line":26,"column":40}},{"start":{"line":26,"column":44},"end":{"line":26,"column":53}}]},"6":{"loc":{"start":{"line":26,"column":21},"end":{"line":26,"column":40}},"type":"cond-expr","locations":[{"start":{"line":26,"column":32},"end":{"line":26,"column":34}},{"start":{"line":26,"column":21},"end":{"line":26,"column":40}}]},"7":{"loc":{"start":{"line":26,"column":21},"end":{"line":26,"column":34}},"type":"binary-expr","locations":[{"start":{"line":26,"column":21},"end":{"line":26,"column":34}},{"start":{"line":26,"column":21},"end":{"line":26,"column":34}}]},"8":{"loc":{"start":{"line":37,"column":4},"end":{"line":39,"column":5}},"type":"if","locations":[{"start":{"line":37,"column":4},"end":{"line":39,"column":5}}]},"9":{"loc":{"start":{"line":52,"column":8},"end":{"line":56,"column":9}},"type":"if","locations":[{"start":{"line":52,"column":8},"end":{"line":56,"column":9}},{"start":{"line":54,"column":15},"end":{"line":56,"column":9}}]}},"s":{"0":2,"1":2,"2":2,"3":2,"4":2,"5":2,"6":2,"7":3,"8":1,"9":2,"10":2,"11":1,"12":0,"13":1,"14":1,"15":1,"16":1,"17":0,"18":0,"19":0,"20":0,"21":0,"22":0,"23":0,"24":0,"25":0,"26":0,"27":0,"28":0,"29":2,"30":0,"31":0,"32":0,"33":0,"34":0,"35":0,"36":0,"37":0,"38":0,"39":2},"f":{"0":3,"1":0,"2":0,"3":0,"4":0,"5":0},"b":{"0":[1],"1":[2],"2":[2,2],"3":[0],"4":[1,0],"5":[1,0],"6":[0,1],"7":[1,1],"8":[0],"9":[0,0]}}
,"/Users/alli/Desktop/scizzor-new/backend/src/shema/shortUrl.ts": {"path":"/Users/alli/Desktop/scizzor-new/backend/src/shema/shortUrl.ts","statementMap":{"0":{"start":{"line":1,"column":0},"end":{"line":1,"column":37}},"1":{"start":{"line":3,"column":23},"end":{"line":7,"column":2}},"2":{"start":{"line":9,"column":0},"end":{"line":9,"column":30}}},"fnMap":{},"branchMap":{},"s":{"0":1,"1":1,"2":1},"f":{},"b":{}}
,"/Users/alli/Desktop/scizzor-new/backend/src/utils/redisClient.ts": {"path":"/Users/alli/Desktop/scizzor-new/backend/src/utils/redisClient.ts","statementMap":{"0":{"start":{"line":1,"column":0},"end":{"line":1,"column":37}},"1":{"start":{"line":2,"column":0},"end":{"line":2,"column":28}},"2":{"start":{"line":3,"column":0},"end":{"line":3,"column":16}},"3":{"start":{"line":6,"column":0},"end":{"line":6,"column":62}},"4":{"start":{"line":8,"column":20},"end":{"line":10,"column":2}},"5":{"start":{"line":12,"column":0},"end":{"line":12,"column":75}},"6":{"start":{"line":12,"column":33},"end":{"line":12,"column":73}},"7":{"start":{"line":14,"column":0},"end":{"line":16,"column":5}},"8":{"start":{"line":14,"column":12},"end":{"line":16,"column":2}},"9":{"start":{"line":15,"column":4},"end":{"line":15,"column":32}},"10":{"start":{"line":18,"column":0},"end":{"line":18,"column":27}}},"fnMap":{"0":{"name":"(anonymous_8)","decl":{"start":{"line":12,"column":24},"end":{"line":12,"column":25}},"loc":{"start":{"line":12,"column":33},"end":{"line":12,"column":73}}},"1":{"name":"(anonymous_9)","decl":{"start":{"line":14,"column":1},"end":{"line":14,"column":10}},"loc":{"start":{"line":14,"column":12},"end":{"line":16,"column":2}}},"2":{"name":"(anonymous_10)","decl":{"start":{"line":14,"column":12},"end":{"line":14,"column":null}},"loc":{"start":{"line":14,"column":12},"end":{"line":16,"column":1}}}},"branchMap":{},"s":{"0":1,"1":1,"2":1,"3":1,"4":1,"5":1,"6":0,"7":1,"8":1,"9":1,"10":1},"f":{"0":0,"1":1,"2":1},"b":{}}
}
