TN:
SF:src/app.ts
FN:16,(anonymous_1)
FN:45,(anonymous_2)
FN:68,(anonymous_3)
FN:107,(anonymous_4)
FN:113,(anonymous_5)
FN:122,(anonymous_6)
FN:131,(anonymous_7)
FN:133,(anonymous_8)
FNF:8
FNH:1
FNDA:0,(anonymous_1)
FNDA:0,(anonymous_2)
FNDA:1,(anonymous_3)
FNDA:0,(anonymous_4)
FNDA:0,(anonymous_5)
FNDA:0,(anonymous_6)
FNDA:0,(anonymous_7)
FNDA:0,(anonymous_8)
DA:1,1
DA:2,1
DA:3,1
DA:4,1
DA:5,1
DA:6,1
DA:7,1
DA:9,1
DA:10,1
DA:11,1
DA:12,1
DA:13,1
DA:16,1
DA:17,0
DA:19,0
DA:22,1
DA:24,1
DA:36,1
DA:38,1
DA:42,1
DA:45,1
DA:46,0
DA:64,1
DA:65,1
DA:68,1
DA:69,1
DA:70,1
DA:71,1
DA:72,1
DA:76,1
DA:96,1
DA:99,1
DA:104,1
DA:107,1
DA:108,0
DA:110,1
DA:113,1
DA:114,0
DA:115,0
DA:117,0
DA:122,1
DA:123,0
DA:124,0
DA:127,1
DA:130,1
DA:131,0
DA:132,0
DA:133,0
DA:134,0
DA:135,0
LF:50
LH:36
BRDA:114,0,0,0
BRDA:114,0,1,0
BRDA:114,1,0,0
BRDA:114,1,1,0
BRDA:124,2,0,0
BRDA:124,2,1,0
BRDA:124,3,0,0
BRDA:124,3,1,0
BRDA:130,4,0,0
BRF:9
BRH:0
end_of_record
TN:
SF:src/swaggerDefinition.ts
FNF:0
FNH:0
DA:1,1
DA:281,1
LF:2
LH:2
BRF:0
BRH:0
end_of_record
TN:
SF:src/auth/auth0.ts
FNF:0
FNH:0
DA:1,0
DA:2,0
DA:4,0
DA:6,0
DA:15,0
LF:5
LH:0
BRF:0
BRH:0
end_of_record
TN:
SF:src/auth/getAuth0UserId.ts
FN:5,getAuth0UserId
FNF:1
FNH:1
FNDA:1,getAuth0UserId
DA:2,1
DA:5,1
DA:7,1
DA:8,1
DA:9,1
DA:11,1
DA:12,1
DA:13,1
DA:14,1
DA:17,0
DA:18,0
LF:11
LH:9
BRDA:9,0,0,0
BRDA:12,1,0,0
BRDA:14,2,0,1
BRDA:14,2,1,0
BRF:4
BRH:1
end_of_record
TN:
SF:src/config/config.ts
FNF:0
FNH:0
DA:1,1
DA:2,1
DA:4,1
DA:5,1
DA:6,1
LF:5
LH:5
BRF:0
BRH:0
end_of_record
TN:
SF:src/config/production.ts
FNF:0
FNH:0
DA:1,0
DA:2,0
DA:4,0
DA:5,0
DA:6,0
LF:5
LH:0
BRF:0
BRH:0
end_of_record
TN:
SF:src/controllers/qrCodeController.ts
FN:4,(anonymous_7)
FN:4,(anonymous_8)
FNF:2
FNH:0
FNDA:0,(anonymous_7)
FNDA:0,(anonymous_8)
DA:2,1
DA:4,1
DA:5,0
DA:7,0
DA:8,0
DA:9,0
DA:10,0
DA:13,0
DA:14,0
DA:16,0
DA:18,0
DA:20,0
DA:21,0
LF:13
LH:2
BRDA:8,0,0,0
BRF:1
BRH:0
end_of_record
TN:
SF:src/controllers/shortUrlController.ts
FN:10,isErrorWithMessage
FN:14,createShortUrl
FN:35,handleRedirect
FN:75,getAnalytics
FN:91,(anonymous_14)
FN:101,(anonymous_15)
FN:103,(anonymous_16)
FN:105,(anonymous_17)
FN:125,getLinkHistory
FN:149,handleClearHistory
FNF:10
FNH:1
FNDA:0,isErrorWithMessage
FNDA:1,createShortUrl
FNDA:0,handleRedirect
FNDA:0,getAnalytics
FNDA:0,(anonymous_14)
FNDA:0,(anonymous_15)
FNDA:0,(anonymous_16)
FNDA:0,(anonymous_17)
FNDA:0,getLinkHistory
FNDA:0,handleClearHistory
DA:2,1
DA:3,1
DA:5,1
DA:6,1
DA:7,1
DA:11,0
DA:14,1
DA:15,1
DA:16,1
DA:17,1
DA:19,1
DA:20,0
DA:23,1
DA:24,1
DA:25,0
DA:29,0
DA:31,1
DA:32,1
DA:35,1
DA:36,0
DA:37,0
DA:40,0
DA:42,0
DA:43,0
DA:44,0
DA:45,0
DA:49,0
DA:50,0
DA:53,0
DA:62,0
DA:65,0
DA:68,0
DA:70,0
DA:71,0
DA:75,1
DA:76,0
DA:77,0
DA:79,0
DA:80,0
DA:84,0
DA:86,0
DA:87,0
DA:91,0
DA:94,0
DA:96,0
DA:97,0
DA:101,0
DA:102,0
DA:103,0
DA:104,0
DA:105,0
DA:106,0
DA:108,0
DA:117,0
DA:119,0
DA:120,0
DA:125,1
DA:126,0
DA:127,0
DA:129,0
DA:130,0
DA:133,0
DA:134,0
DA:135,0
DA:136,0
DA:139,0
DA:140,0
DA:142,0
DA:143,0
DA:149,1
DA:150,0
DA:151,0
DA:153,0
DA:154,0
DA:157,0
DA:158,0
DA:159,0
DA:161,0
DA:162,0
LF:79
LH:18
BRDA:11,0,0,0
BRDA:11,0,1,0
BRDA:11,0,2,0
BRDA:19,1,0,0
BRDA:42,2,0,0
BRDA:55,3,0,0
BRDA:55,3,1,0
BRDA:79,4,0,0
BRDA:86,5,0,0
BRDA:86,6,0,0
BRDA:86,6,1,0
BRDA:96,7,0,0
BRDA:96,8,0,0
BRDA:96,8,1,0
BRDA:105,9,0,0
BRDA:105,9,1,0
BRDA:129,10,0,0
BRDA:135,11,0,0
BRDA:135,12,0,0
BRDA:135,12,1,0
BRDA:153,13,0,0
BRF:21
BRH:0
end_of_record
TN:
SF:src/database/mongoDb.ts
FN:6,connectDB
FN:18,disconnectDB
FNF:2
FNH:0
FNDA:0,connectDB
FNDA:0,disconnectDB
DA:1,1
DA:2,1
DA:6,1
DA:7,0
DA:8,0
DA:9,0
DA:12,0
DA:13,0
DA:15,0
DA:18,1
DA:19,0
DA:20,0
DA:21,0
DA:23,0
LF:14
LH:4
BRDA:8,0,0,0
BRF:1
BRH:0
end_of_record
TN:
SF:src/middleware/cacheMiddleware.ts
FN:5,cacheMiddleware
FNF:1
FNH:0
FNDA:0,cacheMiddleware
DA:3,1
DA:5,1
DA:6,0
DA:7,0
DA:9,0
DA:10,0
DA:11,0
DA:12,0
DA:14,0
DA:16,0
DA:17,0
LF:11
LH:2
BRDA:6,0,0,0
BRDA:6,0,1,0
BRDA:7,1,0,0
BRDA:11,2,0,0
BRF:4
BRH:0
end_of_record
TN:
SF:src/middleware/validateLink.ts
FN:4,(anonymous_7)
FN:4,(anonymous_8)
FN:4,(anonymous_9)
FNF:3
FNH:3
FNDA:1,(anonymous_7)
FNDA:1,(anonymous_8)
FNDA:1,(anonymous_9)
DA:4,1
DA:5,1
DA:6,1
DA:11,1
DA:13,0
DA:17,1
LF:6
LH:5
BRF:0
BRH:0
end_of_record
TN:
SF:src/models/analytic.model.ts
FNF:0
FNH:0
DA:1,2
DA:12,2
DA:24,2
LF:3
LH:3
BRF:0
BRH:0
end_of_record
TN:
SF:src/models/history.model.ts
FNF:0
FNH:0
DA:2,2
DA:11,2
DA:18,2
DA:20,2
LF:4
LH:4
BRF:0
BRH:0
end_of_record
TN:
SF:src/models/qrCode.model.ts
FNF:0
FNH:0
DA:2,1
DA:10,1
DA:16,1
DA:18,1
LF:4
LH:4
BRF:0
BRH:0
end_of_record
TN:
SF:src/models/shortUrl.model.ts
FN:19,(anonymous_1)
FNF:1
FNH:0
FNDA:0,(anonymous_1)
DA:1,2
DA:2,2
DA:4,2
DA:14,2
DA:19,0
DA:34,2
LF:6
LH:5
BRF:0
BRH:0
end_of_record
TN:
SF:src/models/user.model.ts
FNF:0
FNH:0
DA:1,0
DA:9,0
DA:15,0
LF:3
LH:0
BRF:0
BRH:0
end_of_record
TN:
SF:src/routes/index.ts
FNF:0
FNH:0
DA:1,1
DA:2,1
DA:3,1
DA:4,1
DA:5,1
DA:6,1
DA:8,1
DA:46,1
DA:73,1
DA:97,1
DA:124,1
DA:146,1
DA:164,1
DA:166,1
LF:14
LH:14
BRF:0
BRH:0
end_of_record
TN:
SF:src/services/qrCodeService.ts
FN:8,(anonymous_8)
FN:8,(anonymous_9)
FNF:2
FNH:0
FNDA:0,(anonymous_8)
FNDA:0,(anonymous_9)
DA:2,1
DA:3,1
DA:4,1
DA:6,1
DA:8,1
DA:9,0
DA:28,0
DA:29,0
DA:30,0
DA:33,0
DA:38,0
DA:40,0
DA:42,0
DA:43,0
LF:14
LH:5
BRF:0
BRH:0
end_of_record
TN:
SF:src/services/shortUrlService.ts
FN:7,createShortUrlService
FN:35,getShortUrlByShortId
FN:50,getLinkHistoryByUserId
FN:64,(anonymous_14)
FN:64,(anonymous_15)
FN:71,(anonymous_16)
FNF:6
FNH:1
FNDA:3,createShortUrlService
FNDA:0,getShortUrlByShortId
FNDA:0,getLinkHistoryByUserId
FNDA:0,(anonymous_14)
FNDA:0,(anonymous_15)
FNDA:0,(anonymous_16)
DA:1,2
DA:2,2
DA:3,2
DA:4,2
DA:7,2
DA:8,3
DA:9,1
DA:13,2
DA:14,2
DA:15,1
DA:16,0
DA:20,1
DA:21,1
DA:31,1
DA:33,1
DA:35,2
DA:36,0
DA:37,0
DA:38,0
DA:39,0
DA:40,0
DA:42,0
DA:43,0
DA:44,0
DA:45,0
DA:50,2
DA:51,0
DA:52,0
DA:53,0
DA:55,0
DA:56,0
DA:58,0
DA:64,2
DA:65,0
DA:67,0
DA:70,0
DA:71,0
DA:72,0
DA:74,0
DA:75,0
LF:40
LH:17
BRDA:8,0,0,1
BRDA:13,1,0,2
BRDA:13,2,0,2
BRDA:13,2,1,2
BRDA:15,3,0,0
BRDA:20,4,0,1
BRDA:20,4,1,0
BRDA:26,5,0,1
BRDA:26,5,1,0
BRDA:26,6,0,0
BRDA:26,6,1,1
BRDA:26,7,0,1
BRDA:26,7,1,1
BRDA:38,8,0,0
BRDA:55,9,0,0
BRDA:55,9,1,0
BRF:16
BRH:9
end_of_record
TN:
SF:src/shema/shortUrl.ts
FNF:0
FNH:0
DA:1,1
DA:3,1
DA:9,1
LF:3
LH:3
BRF:0
BRH:0
end_of_record
TN:
SF:src/utils/redisClient.ts
FN:12,(anonymous_8)
FN:14,(anonymous_9)
FN:14,(anonymous_10)
FNF:3
FNH:2
FNDA:0,(anonymous_8)
FNDA:1,(anonymous_9)
FNDA:1,(anonymous_10)
DA:1,1
DA:2,1
DA:3,1
DA:6,1
DA:8,1
DA:12,1
DA:14,1
DA:15,1
DA:18,1
LF:9
LH:9
BRF:0
BRH:0
end_of_record
